<?xml version="1.0" encoding="UTF-8"?>
<!-- Generated by org.testng.reporters.JUnitReportReporter -->
<testsuite hostname="DESKTOP-OJ83L4L" failures="0" tests="10" name="com.project.test.Final_Project" time="13.651" errors="0" timestamp="2020-05-28T09:47:25 ICT" skipped="9">
  <testcase classname="com.project.test.Final_Project" name="TC11_3" time="13.651"/>
  <system-out/>
  <testcase classname="com.project.test.Final_Project" name="searchkeyworkSuggestion">
    <skipped/>
  </testcase> <!-- searchkeyworkSuggestion -->
  <system-out/>
  <testcase classname="com.project.test.Final_Project" name="checkEmailP2">
    <skipped/>
  </testcase> <!-- checkEmailP2 -->
  <system-out/>
  <testcase classname="com.project.test.Final_Project" name="searchResult">
    <skipped/>
  </testcase> <!-- searchResult -->
  <system-out/>
  <testcase classname="com.project.test.Final_Project" name="checkSearchPlaceHolder">
    <skipped/>
  </testcase> <!-- checkSearchPlaceHolder -->
  <system-out/>
  <testcase classname="com.project.test.Final_Project" name="checkNoSearchResult">
    <skipped/>
  </testcase> <!-- checkNoSearchResult -->
  <system-out/>
  <testcase classname="com.project.test.Final_Project" name="compareSuggAndActual">
    <skipped/>
  </testcase> <!-- compareSuggAndActual -->
  <system-out/>
  <testcase classname="com.project.test.Final_Project" name="checkPriceInfo">
    <skipped/>
  </testcase> <!-- checkPriceInfo -->
  <system-out/>
  <testcase classname="com.project.test.Final_Project" name="checkEmail">
    <skipped/>
  </testcase> <!-- checkEmail -->
  <system-out/>
  <testcase classname="com.project.test.Final_Project" name="checkTotalPrice">
    <skipped/>
  </testcase> <!-- checkTotalPrice -->
  <system-out/>
</testsuite> <!-- com.project.test.Final_Project -->
